Fatal Python error: init_import_site: Failed to import the site module
Traceback (most recent call last):
  File "/usr/lib/python3/dist-packages/lark/load_grammar.py", line 918, in _get_parser
Python runtime state: initialized
Traceback (most recent call last):
  File "/usr/lib/python3.10/site.py", line 636, in <module>
gmake[1]: *** [CMakeFiles/Makefile2:285: CMakeFiles/custom_msgs__rosidl_typesupport_introspection_c.dir/all] Interrupt
gmake[1]: *** [CMakeFiles/Makefile2:258: CMakeFiles/custom_msgs__rosidl_typesupport_fastrtps_c.dir/all] Interrupt
    return _get_parser.cache
AttributeError: 'function' object has no attribute 'cache'

During handling of the above exception, another exception occurred:

Traceback (most recent call last):
  File "/home/simulations/ros2_sims_ws/install/rosidl_generator_rs/share/rosidl_generator_rs/cmake/../../../lib/rosidl_generator_rs/rosidl_generator_rs", line 43, in <module>
    sys.exit(main())
  File "/home/simulations/ros2_sims_ws/install/rosidl_generator_rs/share/rosidl_generator_rs/cmake/../../../lib/rosidl_generator_rs/rosidl_generator_rs", line 36, in main
    return generate_rs(
  File "/home/simulations/ros2_sims_ws/install/rosidl_generator_rs/local/lib/python3.10/dist-packages/rosidl_generator_rs/__init__.py", line 80, in generate_rs
    idl_file = parse_idl_file(locator)
  File "/opt/ros/humble/local/lib/python3.10/dist-packages/rosidl_parser/parser.py", line 64, in parse_idl_file
    content = parse_idl_string(string, png_file=png_file)
  File "/opt/ros/humble/local/lib/python3.10/dist-packages/rosidl_parser/parser.py", line 72, in parse_idl_string
    tree = get_ast_from_idl_string(idl_string)
  File "/opt/ros/humble/local/lib/python3.10/dist-packages/rosidl_parser/parser.py", line 88, in get_ast_from_idl_string
    _parser = Lark(grammar, start='specification', maybe_placeholders=False)
  File "/usr/lib/python3/dist-packages/lark/lark.py", line 333, in __init__
    self.grammar, used_files = load_grammar(grammar, self.source_path, self.options.import_paths, self.options.keep_all_tokens)
  File "/usr/lib/python3/dist-packages/lark/load_grammar.py", line 1408, in load_grammar
    builder.load_grammar(grammar, source)
  File "/usr/lib/python3/dist-packages/lark/load_grammar.py", line 1233, in load_grammar
    tree = _parse_grammar(grammar_text, grammar_name)
  File "/usr/lib/python3/dist-packages/lark/load_grammar.py", line 961, in _parse_grammar
    tree = _get_parser().parse(text + '\n', start)
  File "/usr/lib/python3/dist-packages/lark/load_grammar.py", line 933, in _get_parser
    _get_parser.cache = ParsingFrontend(lexer_conf, parser_conf, None)
  File "/usr/lib/python3/dist-packages/lark/parser_frontends.py", line 57, in __init__
    self.parser = create_parser(lexer_conf, parser_conf, options)
  File "/usr/lib/python3/dist-packages/lark/parser_frontends.py", line 154, in create_lalr_parser
    return cls(parser_conf, debug=debug)
  File "/usr/lib/python3/dist-packages/lark/parsers/lalr_parser.py", line 18, in __init__
    analysis = LALR_Analyzer(parser_conf, debug=debug)
  File "/usr/lib/python3/dist-packages/lark/parsers/lalr_analysis.py", line 138, in __init__
    GrammarAnalyzer.__init__(self, parser_conf, debug)
  File "/usr/lib/python3/dist-packages/lark/parsers/grammar_analysis.py", line 161, in __init__
    self.FIRST, self.FOLLOW, self.NULLABLE = calculate_sets(rules)
  File "/usr/lib/python3/dist-packages/lark/parsers/grammar_analysis.py", line 94, in calculate_sets
    if set(rule.expansion) <= NULLABLE:
  File "/usr/lib/python3/dist-packages/lark/grammar.py", line 26, in __hash__
    return hash(self.name)
KeyboardInterrupt
gmake[2]: *** [custom_msgs__rs/CMakeFiles/custom_msgs__rs.dir/build.make:161: rosidl_generator_rs/custom_msgs/msg_rs.ep.rosidl_typesupport_c.c] Interrupt
gmake[1]: *** [CMakeFiles/Makefile2:609: custom_msgs__rs/CMakeFiles/custom_msgs__rs.dir/all] Interrupt
    main()
  File "/usr/lib/python3.10/site.py", line 623, in main
    known_paths = addsitepackages(known_paths)
  File "/usr/lib/python3.10/site.py", line 406, in addsitepackages
    addsitedir(sitedir, known_paths)
  File "/usr/lib/python3.10/site.py", line 232, in addsitedir
    addpackage(sitedir, name, known_paths)
  File "/usr/lib/python3.10/site.py", line 192, in addpackage
    exec(line)
  File "<string>", line 1, in <module>
  File "/usr/lib/python3.10/importlib/util.py", line 14, in <module>
    from contextlib import contextmanager
  File "/usr/lib/python3.10/contextlib.py", line 5, in <module>
    from collections import deque
  File "/usr/lib/python3.10/collections/__init__.py", line 38, in <module>
    from reprlib import recursive_repr as _recursive_repr
  File "<frozen importlib._bootstrap>", line 1027, in _find_and_load
  File "<frozen importlib._bootstrap>", line 1006, in _find_and_load_unlocked
  File "<frozen importlib._bootstrap>", line 688, in _load_unlocked
  File "<frozen importlib._bootstrap_external>", line 879, in exec_module
  File "<frozen importlib._bootstrap_external>", line 957, in get_code
  File "<frozen importlib._bootstrap_external>", line 548, in _check_name_wrapper
  File "<frozen importlib._bootstrap_external>", line 1065, in get_filename
KeyboardInterrupt
gmake[2]: *** [CMakeFiles/ament_cmake_python_build_custom_msgs_egg.dir/build.make:70: CMakeFiles/ament_cmake_python_build_custom_msgs_egg] Error 1
gmake[1]: *** [CMakeFiles/Makefile2:466: CMakeFiles/ament_cmake_python_build_custom_msgs_egg.dir/all] Interrupt
gmake: *** [Makefile:146: all] Interrupt
