[1.314s] Invoking command in '/home/user/ros2_ws/build/custom_msgs': CMAKE_PREFIX_PATH=${CMAKE_PREFIX_PATH}:/home/simulations/ros2_sims_ws/install/rclrs_tests:/home/simulations/ros2_sims_ws/install/examples_rclrs_minimal_client_service:/home/simulations/ros2_sims_ws/install/sensor_msgs_py:/home/simulations/ros2_sims_ws/install/examples_rclrs_minimal_pub_sub:/home/simulations/ros2_sims_ws/install/examples_rclrs_message_demo:/home/simulations/ros2_sims_ws/install/rclrs:/home/simulations/ros2_sims_ws/install/rosidl_runtime_rs:/opt/ros/humble _=/usr/bin/env /usr/bin/cmake --build /home/user/ros2_ws/build/custom_msgs -- -j8 -l8
[3.093s] [  1%] [34m[1mGenerating Rust code for ROS interfaces[0m
[3.114s] [  2%] Built target custom_msgs__cpp
[3.308s] [  2%] Built target ament_cmake_python_copy_custom_msgs
[3.500s] [ 13%] Built target custom_msgs__rosidl_generator_c
[3.592s] [ 25%] Built target custom_msgs__rosidl_typesupport_introspection_cpp
[3.610s] [ 36%] Built target custom_msgs__rosidl_typesupport_fastrtps_cpp
[3.617s] [ 47%] Built target custom_msgs__rosidl_typesupport_cpp
[3.793s] Fatal Python error: init_import_site: Failed to import the site module
[3.795s] Traceback (most recent call last):
[3.795s]   File "/usr/lib/python3/dist-packages/lark/load_grammar.py", line 918, in _get_parser
[3.796s] Python runtime state: initialized
[3.797s] Traceback (most recent call last):
[3.798s]   File "/usr/lib/python3.10/site.py", line 636, in <module>
[3.810s] gmake[1]: *** [CMakeFiles/Makefile2:285: CMakeFiles/custom_msgs__rosidl_typesupport_introspection_c.dir/all] Interrupt
[3.810s] gmake[1]: *** [CMakeFiles/Makefile2:258: CMakeFiles/custom_msgs__rosidl_typesupport_fastrtps_c.dir/all] Interrupt
[3.810s]     return _get_parser.cache
[3.811s] AttributeError: 'function' object has no attribute 'cache'
[3.811s] 
[3.811s] During handling of the above exception, another exception occurred:
[3.811s] 
[3.811s] Traceback (most recent call last):
[3.811s]   File "/home/simulations/ros2_sims_ws/install/rosidl_generator_rs/share/rosidl_generator_rs/cmake/../../../lib/rosidl_generator_rs/rosidl_generator_rs", line 43, in <module>
[3.811s]     sys.exit(main())
[3.811s]   File "/home/simulations/ros2_sims_ws/install/rosidl_generator_rs/share/rosidl_generator_rs/cmake/../../../lib/rosidl_generator_rs/rosidl_generator_rs", line 36, in main
[3.811s]     return generate_rs(
[3.812s]   File "/home/simulations/ros2_sims_ws/install/rosidl_generator_rs/local/lib/python3.10/dist-packages/rosidl_generator_rs/__init__.py", line 80, in generate_rs
[3.812s]     idl_file = parse_idl_file(locator)
[3.812s]   File "/opt/ros/humble/local/lib/python3.10/dist-packages/rosidl_parser/parser.py", line 64, in parse_idl_file
[3.818s]     content = parse_idl_string(string, png_file=png_file)
[3.818s]   File "/opt/ros/humble/local/lib/python3.10/dist-packages/rosidl_parser/parser.py", line 72, in parse_idl_string
[3.818s]     tree = get_ast_from_idl_string(idl_string)
[3.818s]   File "/opt/ros/humble/local/lib/python3.10/dist-packages/rosidl_parser/parser.py", line 88, in get_ast_from_idl_string
[3.818s]     _parser = Lark(grammar, start='specification', maybe_placeholders=False)
[3.819s]   File "/usr/lib/python3/dist-packages/lark/lark.py", line 333, in __init__
[3.819s]     self.grammar, used_files = load_grammar(grammar, self.source_path, self.options.import_paths, self.options.keep_all_tokens)
[3.819s]   File "/usr/lib/python3/dist-packages/lark/load_grammar.py", line 1408, in load_grammar
[3.819s]     builder.load_grammar(grammar, source)
[3.819s]   File "/usr/lib/python3/dist-packages/lark/load_grammar.py", line 1233, in load_grammar
[3.819s]     tree = _parse_grammar(grammar_text, grammar_name)
[3.819s]   File "/usr/lib/python3/dist-packages/lark/load_grammar.py", line 961, in _parse_grammar
[3.819s]     tree = _get_parser().parse(text + '\n', start)
[3.819s]   File "/usr/lib/python3/dist-packages/lark/load_grammar.py", line 933, in _get_parser
[3.819s]     _get_parser.cache = ParsingFrontend(lexer_conf, parser_conf, None)
[3.819s]   File "/usr/lib/python3/dist-packages/lark/parser_frontends.py", line 57, in __init__
[3.819s]     self.parser = create_parser(lexer_conf, parser_conf, options)
[3.819s]   File "/usr/lib/python3/dist-packages/lark/parser_frontends.py", line 154, in create_lalr_parser
[3.820s]     return cls(parser_conf, debug=debug)
[3.820s]   File "/usr/lib/python3/dist-packages/lark/parsers/lalr_parser.py", line 18, in __init__
[3.820s]     analysis = LALR_Analyzer(parser_conf, debug=debug)
[3.820s]   File "/usr/lib/python3/dist-packages/lark/parsers/lalr_analysis.py", line 138, in __init__
[3.820s]     GrammarAnalyzer.__init__(self, parser_conf, debug)
[3.820s]   File "/usr/lib/python3/dist-packages/lark/parsers/grammar_analysis.py", line 161, in __init__
[3.821s]     self.FIRST, self.FOLLOW, self.NULLABLE = calculate_sets(rules)
[3.821s]   File "/usr/lib/python3/dist-packages/lark/parsers/grammar_analysis.py", line 94, in calculate_sets
[3.821s]     if set(rule.expansion) <= NULLABLE:
[3.821s]   File "/usr/lib/python3/dist-packages/lark/grammar.py", line 26, in __hash__
[3.821s]     return hash(self.name)
[3.821s] KeyboardInterrupt
[3.822s] gmake[2]: *** [custom_msgs__rs/CMakeFiles/custom_msgs__rs.dir/build.make:161: rosidl_generator_rs/custom_msgs/msg_rs.ep.rosidl_typesupport_c.c] Interrupt
[3.822s] gmake[1]: *** [CMakeFiles/Makefile2:609: custom_msgs__rs/CMakeFiles/custom_msgs__rs.dir/all] Interrupt
[3.893s]     main()
[3.893s]   File "/usr/lib/python3.10/site.py", line 623, in main
[3.893s]     known_paths = addsitepackages(known_paths)
[3.893s]   File "/usr/lib/python3.10/site.py", line 406, in addsitepackages
[3.893s]     addsitedir(sitedir, known_paths)
[3.893s]   File "/usr/lib/python3.10/site.py", line 232, in addsitedir
[3.893s]     addpackage(sitedir, name, known_paths)
[3.893s]   File "/usr/lib/python3.10/site.py", line 192, in addpackage
[3.893s]     exec(line)
[3.893s]   File "<string>", line 1, in <module>
[3.894s]   File "/usr/lib/python3.10/importlib/util.py", line 14, in <module>
[3.894s]     from contextlib import contextmanager
[3.894s]   File "/usr/lib/python3.10/contextlib.py", line 5, in <module>
[3.894s]     from collections import deque
[3.895s]   File "/usr/lib/python3.10/collections/__init__.py", line 38, in <module>
[3.895s]     from reprlib import recursive_repr as _recursive_repr
[3.895s]   File "<frozen importlib._bootstrap>", line 1027, in _find_and_load
[3.896s]   File "<frozen importlib._bootstrap>", line 1006, in _find_and_load_unlocked
[3.896s]   File "<frozen importlib._bootstrap>", line 688, in _load_unlocked
[3.896s]   File "<frozen importlib._bootstrap_external>", line 879, in exec_module
[3.896s]   File "<frozen importlib._bootstrap_external>", line 957, in get_code
[3.896s]   File "<frozen importlib._bootstrap_external>", line 548, in _check_name_wrapper
[3.897s]   File "<frozen importlib._bootstrap_external>", line 1065, in get_filename
[3.897s] KeyboardInterrupt
[3.899s] gmake[2]: *** [CMakeFiles/ament_cmake_python_build_custom_msgs_egg.dir/build.make:70: CMakeFiles/ament_cmake_python_build_custom_msgs_egg] Error 1
[3.899s] gmake[1]: *** [CMakeFiles/Makefile2:466: CMakeFiles/ament_cmake_python_build_custom_msgs_egg.dir/all] Interrupt
[3.900s] gmake: *** [Makefile:146: all] Interrupt
